2025-08-11 00:00:09 [http-nio-9090-exec-3] DEBUG o.s.security.web.FilterChainProxy - Securing GET /actuator/metrics/jvm.memory.max
2025-08-11 00:00:09 [http-nio-9090-exec-3] DEBUG o.s.security.web.FilterChainProxy - Secured GET /actuator/metrics/jvm.memory.max
2025-08-11 00:00:09 [http-nio-9090-exec-3] DEBUG o.s.s.w.a.AnonymousAuthenticationFilter - Set SecurityContextHolder to anonymous SecurityContext
2025-08-11 00:00:09 [http-nio-9090-exec-4] DEBUG o.s.security.web.FilterChainProxy - Securing GET /favicon.ico
2025-08-11 00:00:09 [http-nio-9090-exec-4] DEBUG o.s.s.w.a.AnonymousAuthenticationFilter - Set SecurityContextHolder to anonymous SecurityContext
2025-08-11 00:00:09 [http-nio-9090-exec-5] DEBUG o.s.security.web.FilterChainProxy - Securing GET /login?expired=true
2025-08-11 00:00:09 [http-nio-9090-exec-5] DEBUG o.s.security.web.FilterChainProxy - Secured GET /login?expired=true
2025-08-11 00:00:09 [http-nio-9090-exec-5] DEBUG o.s.s.w.a.AnonymousAuthenticationFilter - Set SecurityContextHolder to anonymous SecurityContext
2025-08-11 00:01:28 [http-nio-8080-exec-7] DEBUG o.s.security.web.FilterChainProxy - Securing POST /login
2025-08-11 00:01:28 [http-nio-8080-exec-7] DEBUG o.s.s.a.d.DaoAuthenticationProvider - Authenticated user
2025-08-11 00:01:28 [http-nio-8080-exec-7] DEBUG o.s.s.w.c.HttpSessionSecurityContextRepository - Stored SecurityContextImpl [Authentication=UsernamePasswordAuthenticationToken [Principal=AppUser(id=1, username=admin, password=$2a$10$G46jetfK6tBDym4NHyc6TeLbkxBULx/0NGYXVN20lbc9nVGKQqWYu, roles=ROLE_ADMIN,ROLE_USER, createdBy=null, createdDate=null, modifiedBy=null, modifiedDate=null), Credentials=[PROTECTED], Authenticated=true, Details=WebAuthenticationDetails [RemoteIpAddress=0:0:0:0:0:0:0:1, SessionId=null], Granted Authorities=[ROLE_ADMIN, ROLE_USER]]] to HttpSession [org.apache.catalina.session.StandardSessionFacade@1360b28]
2025-08-11 00:01:28 [http-nio-8080-exec-7] DEBUG o.s.s.w.a.UsernamePasswordAuthenticationFilter - Set SecurityContextHolder to UsernamePasswordAuthenticationToken [Principal=AppUser(id=1, username=admin, password=$2a$10$G46jetfK6tBDym4NHyc6TeLbkxBULx/0NGYXVN20lbc9nVGKQqWYu, roles=ROLE_ADMIN,ROLE_USER, createdBy=null, createdDate=null, modifiedBy=null, modifiedDate=null), Credentials=[PROTECTED], Authenticated=true, Details=WebAuthenticationDetails [RemoteIpAddress=0:0:0:0:0:0:0:1, SessionId=null], Granted Authorities=[ROLE_ADMIN, ROLE_USER]]
2025-08-11 00:01:28 [http-nio-8080-exec-7] DEBUG o.s.s.web.DefaultRedirectStrategy - Redirecting to /
2025-08-11 00:01:28 [http-nio-8080-exec-8] DEBUG o.s.security.web.FilterChainProxy - Securing GET /
2025-08-11 00:01:28 [http-nio-8080-exec-8] DEBUG o.s.s.w.c.HttpSessionSecurityContextRepository - Retrieved SecurityContextImpl [Authentication=UsernamePasswordAuthenticationToken [Principal=AppUser(id=1, username=admin, password=$2a$10$G46jetfK6tBDym4NHyc6TeLbkxBULx/0NGYXVN20lbc9nVGKQqWYu, roles=ROLE_ADMIN,ROLE_USER, createdBy=null, createdDate=null, modifiedBy=null, modifiedDate=null), Credentials=[PROTECTED], Authenticated=true, Details=WebAuthenticationDetails [RemoteIpAddress=0:0:0:0:0:0:0:1, SessionId=null], Granted Authorities=[ROLE_ADMIN, ROLE_USER]]]
2025-08-11 00:01:28 [http-nio-8080-exec-8] DEBUG o.s.security.web.FilterChainProxy - Secured GET /
2025-08-11 00:01:28 [http-nio-8080-exec-9] DEBUG o.s.security.web.FilterChainProxy - Securing GET /css/styles.css
2025-08-11 00:01:28 [http-nio-8080-exec-9] DEBUG o.s.s.w.c.HttpSessionSecurityContextRepository - Retrieved SecurityContextImpl [Authentication=UsernamePasswordAuthenticationToken [Principal=AppUser(id=1, username=admin, password=$2a$10$G46jetfK6tBDym4NHyc6TeLbkxBULx/0NGYXVN20lbc9nVGKQqWYu, roles=ROLE_ADMIN,ROLE_USER, createdBy=null, createdDate=null, modifiedBy=null, modifiedDate=null), Credentials=[PROTECTED], Authenticated=true, Details=WebAuthenticationDetails [RemoteIpAddress=0:0:0:0:0:0:0:1, SessionId=null], Granted Authorities=[ROLE_ADMIN, ROLE_USER]]]
2025-08-11 00:01:28 [http-nio-8080-exec-9] DEBUG o.s.security.web.FilterChainProxy - Secured GET /css/styles.css
2025-08-11 00:01:29 [http-nio-8080-exec-10] DEBUG o.s.security.web.FilterChainProxy - Securing GET /favicon.ico
2025-08-11 00:01:29 [http-nio-8080-exec-10] DEBUG o.s.s.w.c.HttpSessionSecurityContextRepository - Retrieved SecurityContextImpl [Authentication=UsernamePasswordAuthenticationToken [Principal=AppUser(id=1, username=admin, password=$2a$10$G46jetfK6tBDym4NHyc6TeLbkxBULx/0NGYXVN20lbc9nVGKQqWYu, roles=ROLE_ADMIN,ROLE_USER, createdBy=null, createdDate=null, modifiedBy=null, modifiedDate=null), Credentials=[PROTECTED], Authenticated=true, Details=WebAuthenticationDetails [RemoteIpAddress=0:0:0:0:0:0:0:1, SessionId=null], Granted Authorities=[ROLE_ADMIN, ROLE_USER]]]
2025-08-11 00:01:29 [http-nio-8080-exec-10] DEBUG o.s.security.web.FilterChainProxy - Secured GET /favicon.ico
2025-08-11 00:01:31 [http-nio-8080-exec-1] DEBUG o.s.security.web.FilterChainProxy - Securing POST /logout
2025-08-11 00:01:31 [http-nio-8080-exec-1] DEBUG o.s.s.w.c.HttpSessionSecurityContextRepository - Retrieved SecurityContextImpl [Authentication=UsernamePasswordAuthenticationToken [Principal=AppUser(id=1, username=admin, password=$2a$10$G46jetfK6tBDym4NHyc6TeLbkxBULx/0NGYXVN20lbc9nVGKQqWYu, roles=ROLE_ADMIN,ROLE_USER, createdBy=null, createdDate=null, modifiedBy=null, modifiedDate=null), Credentials=[PROTECTED], Authenticated=true, Details=WebAuthenticationDetails [RemoteIpAddress=0:0:0:0:0:0:0:1, SessionId=null], Granted Authorities=[ROLE_ADMIN, ROLE_USER]]]
2025-08-11 00:01:31 [http-nio-8080-exec-1] DEBUG o.s.s.w.a.logout.LogoutFilter - Logging out [UsernamePasswordAuthenticationToken [Principal=AppUser(id=1, username=admin, password=$2a$10$G46jetfK6tBDym4NHyc6TeLbkxBULx/0NGYXVN20lbc9nVGKQqWYu, roles=ROLE_ADMIN,ROLE_USER, createdBy=null, createdDate=null, modifiedBy=null, modifiedDate=null), Credentials=[PROTECTED], Authenticated=true, Details=WebAuthenticationDetails [RemoteIpAddress=0:0:0:0:0:0:0:1, SessionId=null], Granted Authorities=[ROLE_ADMIN, ROLE_USER]]]
2025-08-11 00:01:31 [http-nio-8080-exec-1] DEBUG o.s.s.w.a.l.SecurityContextLogoutHandler - Invalidated session B93CF6AA81FE7B1650CD9DD65A941E65
2025-08-11 00:01:31 [http-nio-8080-exec-1] DEBUG o.s.s.web.DefaultRedirectStrategy - Redirecting to /login?logout
2025-08-11 00:01:31 [http-nio-8080-exec-3] DEBUG o.s.security.web.FilterChainProxy - Securing GET /login?logout
2025-08-11 00:01:31 [http-nio-8080-exec-3] DEBUG o.s.security.web.FilterChainProxy - Secured GET /login?logout
2025-08-11 00:01:31 [http-nio-8080-exec-3] DEBUG o.s.s.w.a.AnonymousAuthenticationFilter - Set SecurityContextHolder to anonymous SecurityContext
2025-08-11 00:01:31 [http-nio-8080-exec-2] DEBUG o.s.security.web.FilterChainProxy - Securing GET /css/styles.css
2025-08-11 00:01:31 [http-nio-8080-exec-2] DEBUG o.s.s.w.a.AnonymousAuthenticationFilter - Set SecurityContextHolder to anonymous SecurityContext
2025-08-11 00:01:31 [http-nio-8080-exec-4] DEBUG o.s.security.web.FilterChainProxy - Securing GET /images/motorcycledelivery.png
2025-08-11 00:01:31 [http-nio-8080-exec-4] DEBUG o.s.security.web.FilterChainProxy - Secured GET /images/motorcycledelivery.png
2025-08-11 00:01:31 [http-nio-8080-exec-2] DEBUG o.s.s.w.s.HttpSessionRequestCache - Saved request http://localhost:8080/css/styles.css?continue to session
2025-08-11 00:01:31 [http-nio-8080-exec-6] DEBUG o.s.security.web.FilterChainProxy - Securing GET /login?expired=true
2025-08-11 00:01:31 [http-nio-8080-exec-6] DEBUG o.s.security.web.FilterChainProxy - Secured GET /login?expired=true
2025-08-11 00:01:31 [http-nio-8080-exec-6] DEBUG o.s.s.w.a.AnonymousAuthenticationFilter - Set SecurityContextHolder to anonymous SecurityContext
2025-08-11 00:01:31 [http-nio-8080-exec-4] DEBUG o.s.s.w.a.AnonymousAuthenticationFilter - Set SecurityContextHolder to anonymous SecurityContext
2025-08-11 00:01:32 [http-nio-8080-exec-5] DEBUG o.s.security.web.FilterChainProxy - Securing GET /favicon.ico
2025-08-11 00:01:32 [http-nio-8080-exec-5] DEBUG o.s.s.w.a.AnonymousAuthenticationFilter - Set SecurityContextHolder to anonymous SecurityContext
2025-08-11 00:01:32 [http-nio-8080-exec-7] DEBUG o.s.security.web.FilterChainProxy - Securing GET /login?expired=true
2025-08-11 00:01:32 [http-nio-8080-exec-7] DEBUG o.s.security.web.FilterChainProxy - Secured GET /login?expired=true
2025-08-11 00:01:32 [http-nio-8080-exec-7] DEBUG o.s.s.w.a.AnonymousAuthenticationFilter - Set SecurityContextHolder to anonymous SecurityContext
2025-08-11 00:01:33 [http-nio-8080-exec-8] DEBUG o.s.security.web.FilterChainProxy - Securing GET /oauth2/authorization/google
2025-08-11 00:01:33 [http-nio-8080-exec-8] DEBUG o.s.s.web.DefaultRedirectStrategy - Redirecting to https://accounts.google.com/o/oauth2/v2/auth?response_type=code&client_id=472952533294-na3lurjorrphtudh1t3umhf0bs0suq5t.apps.googleusercontent.com&scope=openid%20profile%20email&state=mf8OcqAixCPxDWU-cmHrH7u-LZO9CQOTCJT7o-NX8oY%3D&redirect_uri=http://localhost:8080/login/oauth2/code/google&nonce=EHLaVPmBJnCRZ8-bDOVVCAMn2htwE4zkS3JUr0lRtVw
2025-08-11 00:01:36 [http-nio-8080-exec-9] DEBUG o.s.security.web.FilterChainProxy - Securing GET /login/oauth2/code/google?state=mf8OcqAixCPxDWU-cmHrH7u-LZO9CQOTCJT7o-NX8oY%3D&code=4%2F0AVMBsJg9Wnjpv9Kjr8swC00-D6vmJZpkmIYQv5Pgmdx8hq6ISczuj_ktwzSF2TT3V8oqCg&scope=email+profile+https%3A%2F%2Fwww.googleapis.com%2Fauth%2Fuserinfo.email+https%3A%2F%2Fwww.googleapis.com%2Fauth%2Fuserinfo.profile+openid&authuser=2&prompt=none
2025-08-11 00:01:37 [http-nio-8080-exec-9] DEBUG o.s.s.w.a.s.ChangeSessionIdAuthenticationStrategy - Changed session id from 8DE73025E4ADCC804B7E086423F8A2AD
2025-08-11 00:01:37 [http-nio-8080-exec-9] DEBUG o.s.s.w.c.HttpSessionSecurityContextRepository - Stored SecurityContextImpl [Authentication=OAuth2AuthenticationToken [Principal=Name: [106745473857213283099], Granted Authorities: [[OIDC_USER, SCOPE_https://www.googleapis.com/auth/userinfo.email, SCOPE_https://www.googleapis.com/auth/userinfo.profile, SCOPE_openid]], User Attributes: [{at_hash=5KU5AsAKnEtQ16i-PD7upg, sub=106745473857213283099, email_verified=true, iss=https://accounts.google.com, given_name=roger, nonce=EHLaVPmBJnCRZ8-bDOVVCAMn2htwE4zkS3JUr0lRtVw, picture=https://lh3.googleusercontent.com/a/ACg8ocIj91i6QarplcCJQSP5XcQwLdyduuB6aL4lKUdii5jET21n4A=s96-c, aud=[472952533294-na3lurjorrphtudh1t3umhf0bs0suq5t.apps.googleusercontent.com], azp=472952533294-na3lurjorrphtudh1t3umhf0bs0suq5t.apps.googleusercontent.com, name=roger rogger, exp=2025-08-11T04:01:38Z, family_name=rogger, iat=2025-08-11T03:01:38Z, email=rogger6412@gmail.com}], Credentials=[PROTECTED], Authenticated=true, Details=WebAuthenticationDetails [RemoteIpAddress=0:0:0:0:0:0:0:1, SessionId=8DE73025E4ADCC804B7E086423F8A2AD], Granted Authorities=[OIDC_USER, SCOPE_https://www.googleapis.com/auth/userinfo.email, SCOPE_https://www.googleapis.com/auth/userinfo.profile, SCOPE_openid]]] to HttpSession [org.apache.catalina.session.StandardSessionFacade@787e4e44]
2025-08-11 00:01:37 [http-nio-8080-exec-9] DEBUG o.s.s.o.c.w.OAuth2LoginAuthenticationFilter - Set SecurityContextHolder to OAuth2AuthenticationToken [Principal=Name: [106745473857213283099], Granted Authorities: [[OIDC_USER, SCOPE_https://www.googleapis.com/auth/userinfo.email, SCOPE_https://www.googleapis.com/auth/userinfo.profile, SCOPE_openid]], User Attributes: [{at_hash=5KU5AsAKnEtQ16i-PD7upg, sub=106745473857213283099, email_verified=true, iss=https://accounts.google.com, given_name=roger, nonce=EHLaVPmBJnCRZ8-bDOVVCAMn2htwE4zkS3JUr0lRtVw, picture=https://lh3.googleusercontent.com/a/ACg8ocIj91i6QarplcCJQSP5XcQwLdyduuB6aL4lKUdii5jET21n4A=s96-c, aud=[472952533294-na3lurjorrphtudh1t3umhf0bs0suq5t.apps.googleusercontent.com], azp=472952533294-na3lurjorrphtudh1t3umhf0bs0suq5t.apps.googleusercontent.com, name=roger rogger, exp=2025-08-11T04:01:38Z, family_name=rogger, iat=2025-08-11T03:01:38Z, email=rogger6412@gmail.com}], Credentials=[PROTECTED], Authenticated=true, Details=WebAuthenticationDetails [RemoteIpAddress=0:0:0:0:0:0:0:1, SessionId=8DE73025E4ADCC804B7E086423F8A2AD], Granted Authorities=[OIDC_USER, SCOPE_https://www.googleapis.com/auth/userinfo.email, SCOPE_https://www.googleapis.com/auth/userinfo.profile, SCOPE_openid]]
2025-08-11 00:01:37 [http-nio-8080-exec-9] DEBUG o.s.s.web.DefaultRedirectStrategy - Redirecting to /
2025-08-11 00:01:37 [http-nio-8080-exec-10] DEBUG o.s.security.web.FilterChainProxy - Securing GET /
2025-08-11 00:01:37 [http-nio-8080-exec-10] DEBUG o.s.s.w.c.HttpSessionSecurityContextRepository - Retrieved SecurityContextImpl [Authentication=OAuth2AuthenticationToken [Principal=Name: [106745473857213283099], Granted Authorities: [[OIDC_USER, SCOPE_https://www.googleapis.com/auth/userinfo.email, SCOPE_https://www.googleapis.com/auth/userinfo.profile, SCOPE_openid]], User Attributes: [{at_hash=5KU5AsAKnEtQ16i-PD7upg, sub=106745473857213283099, email_verified=true, iss=https://accounts.google.com, given_name=roger, nonce=EHLaVPmBJnCRZ8-bDOVVCAMn2htwE4zkS3JUr0lRtVw, picture=https://lh3.googleusercontent.com/a/ACg8ocIj91i6QarplcCJQSP5XcQwLdyduuB6aL4lKUdii5jET21n4A=s96-c, aud=[472952533294-na3lurjorrphtudh1t3umhf0bs0suq5t.apps.googleusercontent.com], azp=472952533294-na3lurjorrphtudh1t3umhf0bs0suq5t.apps.googleusercontent.com, name=roger rogger, exp=2025-08-11T04:01:38Z, family_name=rogger, iat=2025-08-11T03:01:38Z, email=rogger6412@gmail.com}], Credentials=[PROTECTED], Authenticated=true, Details=WebAuthenticationDetails [RemoteIpAddress=0:0:0:0:0:0:0:1, SessionId=8DE73025E4ADCC804B7E086423F8A2AD], Granted Authorities=[OIDC_USER, SCOPE_https://www.googleapis.com/auth/userinfo.email, SCOPE_https://www.googleapis.com/auth/userinfo.profile, SCOPE_openid]]]
2025-08-11 00:01:37 [http-nio-8080-exec-10] DEBUG o.s.security.web.FilterChainProxy - Secured GET /
2025-08-11 00:01:37 [http-nio-8080-exec-1] DEBUG o.s.security.web.FilterChainProxy - Securing GET /css/styles.css
2025-08-11 00:01:37 [http-nio-8080-exec-1] DEBUG o.s.s.w.c.HttpSessionSecurityContextRepository - Retrieved SecurityContextImpl [Authentication=OAuth2AuthenticationToken [Principal=Name: [106745473857213283099], Granted Authorities: [[OIDC_USER, SCOPE_https://www.googleapis.com/auth/userinfo.email, SCOPE_https://www.googleapis.com/auth/userinfo.profile, SCOPE_openid]], User Attributes: [{at_hash=5KU5AsAKnEtQ16i-PD7upg, sub=106745473857213283099, email_verified=true, iss=https://accounts.google.com, given_name=roger, nonce=EHLaVPmBJnCRZ8-bDOVVCAMn2htwE4zkS3JUr0lRtVw, picture=https://lh3.googleusercontent.com/a/ACg8ocIj91i6QarplcCJQSP5XcQwLdyduuB6aL4lKUdii5jET21n4A=s96-c, aud=[472952533294-na3lurjorrphtudh1t3umhf0bs0suq5t.apps.googleusercontent.com], azp=472952533294-na3lurjorrphtudh1t3umhf0bs0suq5t.apps.googleusercontent.com, name=roger rogger, exp=2025-08-11T04:01:38Z, family_name=rogger, iat=2025-08-11T03:01:38Z, email=rogger6412@gmail.com}], Credentials=[PROTECTED], Authenticated=true, Details=WebAuthenticationDetails [RemoteIpAddress=0:0:0:0:0:0:0:1, SessionId=8DE73025E4ADCC804B7E086423F8A2AD], Granted Authorities=[OIDC_USER, SCOPE_https://www.googleapis.com/auth/userinfo.email, SCOPE_https://www.googleapis.com/auth/userinfo.profile, SCOPE_openid]]]
2025-08-11 00:01:37 [http-nio-8080-exec-1] DEBUG o.s.security.web.FilterChainProxy - Secured GET /css/styles.css
2025-08-11 00:01:37 [http-nio-8080-exec-3] DEBUG o.s.security.web.FilterChainProxy - Securing GET /favicon.ico
2025-08-11 00:01:37 [http-nio-8080-exec-3] DEBUG o.s.s.w.c.HttpSessionSecurityContextRepository - Retrieved SecurityContextImpl [Authentication=OAuth2AuthenticationToken [Principal=Name: [106745473857213283099], Granted Authorities: [[OIDC_USER, SCOPE_https://www.googleapis.com/auth/userinfo.email, SCOPE_https://www.googleapis.com/auth/userinfo.profile, SCOPE_openid]], User Attributes: [{at_hash=5KU5AsAKnEtQ16i-PD7upg, sub=106745473857213283099, email_verified=true, iss=https://accounts.google.com, given_name=roger, nonce=EHLaVPmBJnCRZ8-bDOVVCAMn2htwE4zkS3JUr0lRtVw, picture=https://lh3.googleusercontent.com/a/ACg8ocIj91i6QarplcCJQSP5XcQwLdyduuB6aL4lKUdii5jET21n4A=s96-c, aud=[472952533294-na3lurjorrphtudh1t3umhf0bs0suq5t.apps.googleusercontent.com], azp=472952533294-na3lurjorrphtudh1t3umhf0bs0suq5t.apps.googleusercontent.com, name=roger rogger, exp=2025-08-11T04:01:38Z, family_name=rogger, iat=2025-08-11T03:01:38Z, email=rogger6412@gmail.com}], Credentials=[PROTECTED], Authenticated=true, Details=WebAuthenticationDetails [RemoteIpAddress=0:0:0:0:0:0:0:1, SessionId=8DE73025E4ADCC804B7E086423F8A2AD], Granted Authorities=[OIDC_USER, SCOPE_https://www.googleapis.com/auth/userinfo.email, SCOPE_https://www.googleapis.com/auth/userinfo.profile, SCOPE_openid]]]
2025-08-11 00:01:37 [http-nio-8080-exec-3] DEBUG o.s.security.web.FilterChainProxy - Secured GET /favicon.ico
2025-08-11 00:01:39 [http-nio-8080-exec-2] DEBUG o.s.security.web.FilterChainProxy - Securing POST /logout
2025-08-11 00:01:39 [http-nio-8080-exec-2] DEBUG o.s.s.w.c.HttpSessionSecurityContextRepository - Retrieved SecurityContextImpl [Authentication=OAuth2AuthenticationToken [Principal=Name: [106745473857213283099], Granted Authorities: [[OIDC_USER, SCOPE_https://www.googleapis.com/auth/userinfo.email, SCOPE_https://www.googleapis.com/auth/userinfo.profile, SCOPE_openid]], User Attributes: [{at_hash=5KU5AsAKnEtQ16i-PD7upg, sub=106745473857213283099, email_verified=true, iss=https://accounts.google.com, given_name=roger, nonce=EHLaVPmBJnCRZ8-bDOVVCAMn2htwE4zkS3JUr0lRtVw, picture=https://lh3.googleusercontent.com/a/ACg8ocIj91i6QarplcCJQSP5XcQwLdyduuB6aL4lKUdii5jET21n4A=s96-c, aud=[472952533294-na3lurjorrphtudh1t3umhf0bs0suq5t.apps.googleusercontent.com], azp=472952533294-na3lurjorrphtudh1t3umhf0bs0suq5t.apps.googleusercontent.com, name=roger rogger, exp=2025-08-11T04:01:38Z, family_name=rogger, iat=2025-08-11T03:01:38Z, email=rogger6412@gmail.com}], Credentials=[PROTECTED], Authenticated=true, Details=WebAuthenticationDetails [RemoteIpAddress=0:0:0:0:0:0:0:1, SessionId=8DE73025E4ADCC804B7E086423F8A2AD], Granted Authorities=[OIDC_USER, SCOPE_https://www.googleapis.com/auth/userinfo.email, SCOPE_https://www.googleapis.com/auth/userinfo.profile, SCOPE_openid]]]
2025-08-11 00:01:39 [http-nio-8080-exec-2] DEBUG o.s.s.w.a.logout.LogoutFilter - Logging out [OAuth2AuthenticationToken [Principal=Name: [106745473857213283099], Granted Authorities: [[OIDC_USER, SCOPE_https://www.googleapis.com/auth/userinfo.email, SCOPE_https://www.googleapis.com/auth/userinfo.profile, SCOPE_openid]], User Attributes: [{at_hash=5KU5AsAKnEtQ16i-PD7upg, sub=106745473857213283099, email_verified=true, iss=https://accounts.google.com, given_name=roger, nonce=EHLaVPmBJnCRZ8-bDOVVCAMn2htwE4zkS3JUr0lRtVw, picture=https://lh3.googleusercontent.com/a/ACg8ocIj91i6QarplcCJQSP5XcQwLdyduuB6aL4lKUdii5jET21n4A=s96-c, aud=[472952533294-na3lurjorrphtudh1t3umhf0bs0suq5t.apps.googleusercontent.com], azp=472952533294-na3lurjorrphtudh1t3umhf0bs0suq5t.apps.googleusercontent.com, name=roger rogger, exp=2025-08-11T04:01:38Z, family_name=rogger, iat=2025-08-11T03:01:38Z, email=rogger6412@gmail.com}], Credentials=[PROTECTED], Authenticated=true, Details=WebAuthenticationDetails [RemoteIpAddress=0:0:0:0:0:0:0:1, SessionId=8DE73025E4ADCC804B7E086423F8A2AD], Granted Authorities=[OIDC_USER, SCOPE_https://www.googleapis.com/auth/userinfo.email, SCOPE_https://www.googleapis.com/auth/userinfo.profile, SCOPE_openid]]]
2025-08-11 00:01:39 [http-nio-8080-exec-2] DEBUG o.s.s.w.a.l.SecurityContextLogoutHandler - Invalidated session 208292D070C4E7A5A2B7B263D6866E24
2025-08-11 00:01:39 [http-nio-8080-exec-2] DEBUG o.s.s.web.DefaultRedirectStrategy - Redirecting to /login?logout
2025-08-11 00:01:39 [http-nio-8080-exec-4] DEBUG o.s.security.web.FilterChainProxy - Securing GET /login?logout
2025-08-11 00:01:39 [http-nio-8080-exec-4] DEBUG o.s.security.web.FilterChainProxy - Secured GET /login?logout
2025-08-11 00:01:39 [http-nio-8080-exec-4] DEBUG o.s.s.w.a.AnonymousAuthenticationFilter - Set SecurityContextHolder to anonymous SecurityContext
2025-08-11 00:01:39 [http-nio-8080-exec-6] DEBUG o.s.security.web.FilterChainProxy - Securing GET /css/styles.css
2025-08-11 00:01:39 [http-nio-8080-exec-6] DEBUG o.s.s.w.a.AnonymousAuthenticationFilter - Set SecurityContextHolder to anonymous SecurityContext
2025-08-11 00:01:39 [http-nio-8080-exec-6] DEBUG o.s.s.w.s.HttpSessionRequestCache - Saved request http://localhost:8080/css/styles.css?continue to session
2025-08-11 00:01:39 [http-nio-8080-exec-5] DEBUG o.s.security.web.FilterChainProxy - Securing GET /images/motorcycledelivery.png
2025-08-11 00:01:39 [http-nio-8080-exec-5] DEBUG o.s.security.web.FilterChainProxy - Secured GET /images/motorcycledelivery.png
2025-08-11 00:01:39 [http-nio-8080-exec-7] DEBUG o.s.security.web.FilterChainProxy - Securing GET /login?expired=true
2025-08-11 00:01:39 [http-nio-8080-exec-7] DEBUG o.s.security.web.FilterChainProxy - Secured GET /login?expired=true
2025-08-11 00:01:39 [http-nio-8080-exec-5] DEBUG o.s.s.w.a.AnonymousAuthenticationFilter - Set SecurityContextHolder to anonymous SecurityContext
2025-08-11 00:01:39 [http-nio-8080-exec-7] DEBUG o.s.s.w.a.AnonymousAuthenticationFilter - Set SecurityContextHolder to anonymous SecurityContext
2025-08-11 00:01:39 [http-nio-8080-exec-8] DEBUG o.s.security.web.FilterChainProxy - Securing GET /favicon.ico
2025-08-11 00:01:39 [http-nio-8080-exec-8] DEBUG o.s.s.w.a.AnonymousAuthenticationFilter - Set SecurityContextHolder to anonymous SecurityContext
2025-08-11 00:01:39 [http-nio-8080-exec-9] DEBUG o.s.security.web.FilterChainProxy - Securing GET /login?expired=true
2025-08-11 00:01:39 [http-nio-8080-exec-9] DEBUG o.s.security.web.FilterChainProxy - Secured GET /login?expired=true
2025-08-11 00:01:39 [http-nio-8080-exec-9] DEBUG o.s.s.w.a.AnonymousAuthenticationFilter - Set SecurityContextHolder to anonymous SecurityContext
